<?xml version="1.0" encoding="UTF-8"?>
<!-- Generated by org.testng.reporters.JUnitReportReporter -->
<testsuite skipped="0" hostname="LAPTOP-G9HHL1F8" name="Execution.TestCases" tests="2" failures="0" timestamp="16 Jul 2020 16:04:33 GMT" time="126.370" errors="0">
  <testcase name="verifyContact" time="38.908" classname="Execution.TestCases"/>
  <testcase name="verifylinks" time="87.462" classname="Execution.TestCases"/>
</testsuite> <!-- Execution.TestCases -->
